<?xml version="1.0" encoding="UTF-8"?>
<testng-results skipped="0" failed="0" total="1" passed="1">
  <reporter-output>
  </reporter-output>
  <suite name="Default suite" duration-ms="29" started-at="2012-01-03T00:56:00Z" finished-at="2012-01-03T00:56:00Z">
    <groups>
    </groups>
    <test name="Default test" duration-ms="29" started-at="2012-01-03T00:56:00Z" finished-at="2012-01-03T00:56:00Z">
      <class name="pl.koziolekweb.wjug.guice.base.WładysławTest">
        <test-method status="PASS" signature="testWładysław()[pri:0, instance:pl.koziolekweb.wjug.guice.base.WładysławTest@2f87c55c]" name="testWładysław" duration-ms="13" started-at="2012-01-03T00:56:00Z" finished-at="2012-01-03T00:56:00Z">
        </test-method>
      </class>
    </test>
  </suite>
</testng-results>
